<?xml version="1.0" encoding="UTF-8"?>
<testsuite xmlns:xsi="http://www.w3.org/2001/XMLSchema-instance" xsi:noNamespaceSchemaLocation="https://maven.apache.org/surefire/maven-surefire-plugin/xsd/surefire-test-report-3.0.xsd" version="3.0" name="com.cisco.msx.platform.model.WorkflowActionBlockTest" time="0.002" tests="13" errors="0" skipped="0" failures="0">
  <properties>
[...]
</properties>
  <testcase name="titleTest" classname="com.cisco.msx.platform.model.WorkflowActionBlockTest" time="0.002"/>
  <testcase name="testWorkflowActionBlock" classname="com.cisco.msx.platform.model.WorkflowActionBlockTest" time="0"/>
  <testcase name="baseTypeTest" classname="com.cisco.msx.platform.model.WorkflowActionBlockTest" time="0"/>
  <testcase name="nameTest" classname="com.cisco.msx.platform.model.WorkflowActionBlockTest" time="0"/>
  <testcase name="actionsTest" classname="com.cisco.msx.platform.model.WorkflowActionBlockTest" time="0"/>
  <testcase name="propertiesTest" classname="com.cisco.msx.platform.model.WorkflowActionBlockTest" time="0"/>
  <testcase name="uniqueNameTest" classname="com.cisco.msx.platform.model.WorkflowActionBlockTest" time="0"/>
  <testcase name="versionTest" classname="com.cisco.msx.platform.model.WorkflowActionBlockTest" time="0"/>
  <testcase name="workflowIdTest" classname="com.cisco.msx.platform.model.WorkflowActionBlockTest" time="0"/>
  <testcase name="subworkflowIdTest" classname="com.cisco.msx.platform.model.WorkflowActionBlockTest" time="0"/>
  <testcase name="typeTest" classname="com.cisco.msx.platform.model.WorkflowActionBlockTest" time="0"/>
  <testcase name="objectTypeTest" classname="com.cisco.msx.platform.model.WorkflowActionBlockTest" time="0"/>
  <testcase name="schemaIdTest" classname="com.cisco.msx.platform.model.WorkflowActionBlockTest" time="0"/>
</testsuite>